SF:lib\data\repository\movie_repository_impl.dart
DA:10,1
DA:13,1
DA:15,2
DA:18,1
DA:20,2
DA:23,1
DA:25,2
DA:28,1
DA:30,2
DA:33,1
DA:36,2
DA:37,1
DA:38,2
DA:39,1
DA:45,0
DA:49,1
DA:51,2
LF:17
LH:16
end_of_record
SF:lib\domain\entities\movie.dart
DA:17,1
DA:35,0
DA:36,0
DA:37,0
DA:38,0
DA:39,0
DA:40,0
DA:41,0
DA:42,0
DA:43,0
DA:44,0
DA:45,0
DA:46,0
DA:47,0
DA:48,0
DA:49,0
DA:50,0
DA:54,0
DA:55,0
DA:56,0
DA:57,0
DA:58,0
DA:59,0
DA:60,0
DA:61,0
DA:62,0
DA:63,0
DA:64,0
DA:65,0
DA:66,0
DA:67,0
DA:68,0
DA:69,0
DA:73,0
DA:74,0
DA:75,0
DA:76,0
DA:77,0
DA:78,0
DA:79,0
DA:80,0
DA:81,0
DA:82,0
DA:83,0
DA:84,0
DA:85,0
DA:86,0
DA:87,0
DA:88,0
DA:91,0
DA:93,0
DA:94,0
DA:95,0
DA:96,0
LF:54
LH:1
end_of_record
SF:lib\domain\entities\series.dart
DA:9,0
DA:17,0
DA:18,0
DA:19,0
DA:20,0
DA:21,0
DA:22,0
DA:23,0
DA:24,0
DA:25,0
DA:29,0
DA:30,0
DA:31,0
DA:32,0
DA:33,0
DA:34,0
DA:35,0
DA:36,0
DA:37,0
DA:40,0
DA:42,0
DA:43,0
LF:22
LH:0
end_of_record
SF:lib\domain\usecase\movies\add_to_favorites_use_case.dart
DA:7,0
DA:9,0
DA:10,0
LF:3
LH:0
end_of_record
